2024-11-18 16:40:34 - Starting EtelProjektApplicationTests using Java 23.0.1 with PID 12276 (started by Perje in C:\Users\Perje\Documents\Uni\rf1\etel)
2024-11-18 16:40:34 - No active profile set, falling back to 1 default profile: "default"
2024-11-18 16:40:38 - RestaurantController példányosítva
2024-11-18 16:40:39 - Started EtelProjektApplicationTests in 5.702 seconds (process running for 6.263)
2024-11-18 16:40:47 - Starting EtelProjektApplication using Java 23.0.1 with PID 34976 (C:\Users\Perje\Documents\Uni\rf1\etel\target\classes started by Perje in C:\Users\Perje\Documents\Uni\rf1\etel)
2024-11-18 16:40:47 - No active profile set, falling back to 1 default profile: "default"
2024-11-18 16:40:52 - RestaurantController példányosítva
2024-11-18 16:40:52 - Started EtelProjektApplication in 5.35 seconds (process running for 5.595)
2024-11-18 16:54:01 - Starting EtelProjektApplication using Java 23.0.1 with PID 34976 (C:\Users\Perje\Documents\Uni\rf1\etel\target\classes started by Perje in C:\Users\Perje\Documents\Uni\rf1\etel)
2024-11-18 16:54:01 - No active profile set, falling back to 1 default profile: "default"
2024-11-18 16:54:04 - RestaurantController példányosítva
2024-11-18 16:54:04 - Started EtelProjektApplication in 3.421 seconds (process running for 797.73)
2024-11-18 16:57:30 - Starting EtelProjektApplication using Java 23.0.1 with PID 34976 (C:\Users\Perje\Documents\Uni\rf1\etel\target\classes started by Perje in C:\Users\Perje\Documents\Uni\rf1\etel)
2024-11-18 16:57:30 - No active profile set, falling back to 1 default profile: "default"
2024-11-18 16:57:33 - RestaurantController példányosítva
2024-11-18 16:57:34 - Started EtelProjektApplication in 3.449 seconds (process running for 1007.015)
2024-11-18 16:58:04 - Starting EtelProjektApplication using Java 23.0.1 with PID 34976 (C:\Users\Perje\Documents\Uni\rf1\etel\target\classes started by Perje in C:\Users\Perje\Documents\Uni\rf1\etel)
2024-11-18 16:58:04 - No active profile set, falling back to 1 default profile: "default"
2024-11-18 16:58:07 - RestaurantController példányosítva
2024-11-18 16:58:08 - Started EtelProjektApplication in 3.261 seconds (process running for 1040.97)
2024-11-18 16:59:03 - Starting EtelProjektApplication using Java 23.0.1 with PID 34976 (C:\Users\Perje\Documents\Uni\rf1\etel\target\classes started by Perje in C:\Users\Perje\Documents\Uni\rf1\etel)
2024-11-18 16:59:03 - No active profile set, falling back to 1 default profile: "default"
2024-11-18 16:59:05 - RestaurantController példányosítva
2024-11-18 16:59:05 - Started EtelProjektApplication in 2.71 seconds (process running for 1098.712)
2024-11-18 16:59:42 - Starting EtelProjektApplicationTests using Java 23.0.1 with PID 28284 (started by Perje in C:\Users\Perje\Documents\Uni\rf1\etel)
2024-11-18 16:59:42 - No active profile set, falling back to 1 default profile: "default"
2024-11-18 16:59:47 - RestaurantController példányosítva
2024-11-18 16:59:47 - Started EtelProjektApplicationTests in 5.449 seconds (process running for 6.009)
2024-11-18 16:59:53 - Starting EtelProjektApplication using Java 23.0.1 with PID 20984 (C:\Users\Perje\Documents\Uni\rf1\etel\target\classes started by Perje in C:\Users\Perje\Documents\Uni\rf1\etel)
2024-11-18 16:59:53 - No active profile set, falling back to 1 default profile: "default"
2024-11-18 16:59:58 - RestaurantController példányosítva
2024-11-18 16:59:59 - Started EtelProjektApplication in 5.349 seconds (process running for 5.601)
